<?xml version="1.0" encoding="UTF-8"?>
<!-- Generated by org.testng.reporters.JUnitReportReporter -->
<testsuite hostname="LAPTOP-0O8VOCIM" failures="0" tests="3" name="SeleniumGrid.Grid.SeleniumGridGeko$SeleniumTrial" time="21.772" errors="0" timestamp="2020-08-08T09:12:11 EDT" skipped="0">
  <testcase classname="SeleniumGrid.Grid.SeleniumGridGeko$SeleniumTrial" name="googleTitle" time="7.514"/>
  <system-out/>
  <testcase classname="SeleniumGrid.Grid.SeleniumGridGeko$SeleniumTrial" name="searchInput" time="7.209"/>
  <system-out/>
  <testcase classname="SeleniumGrid.Grid.SeleniumGridGeko$SeleniumTrial" name="searchOutput" time="7.049"/>
  <system-out/>
</testsuite> <!-- SeleniumGrid.Grid.SeleniumGridGeko$SeleniumTrial -->
