<?xml version="1.0" encoding="UTF-8"?>
<!-- Generated by org.testng.reporters.JUnitReportReporter -->
<testsuite hostname="LAPTOP-0O8VOCIM" failures="0" tests="3" name="SeleniumGrid.Grid.SeleniumTrial" time="20.619" errors="0" timestamp="2020-08-08T09:12:11 EDT" skipped="0">
  <testcase classname="SeleniumGrid.Grid.SeleniumTrial" name="googleTitle" time="6.914"/>
  <system-out/>
  <testcase classname="SeleniumGrid.Grid.SeleniumTrial" name="searchInput" time="7.146"/>
  <system-out/>
  <testcase classname="SeleniumGrid.Grid.SeleniumTrial" name="searchOutput" time="6.559"/>
  <system-out/>
</testsuite> <!-- SeleniumGrid.Grid.SeleniumTrial -->
